C:\USERS\OLIVER\DOCUMENTS\VISUAL STUDIO 2012\PROJECTS\DHCPAPICPP\DHCPAPICPP\X64\DEBUG\DHCPAPICPP.PCH
C:\USERS\OLIVER\DOCUMENTS\VISUAL STUDIO 2012\PROJECTS\DHCPAPICPP\DHCPAPICPP\X64\DEBUG\STDAFX.OBJ
C:\USERS\OLIVER\DOCUMENTS\VISUAL STUDIO 2012\PROJECTS\DHCPAPICPP\DHCPAPICPP\X64\DEBUG\VC110.PDB
C:\USERS\OLIVER\DOCUMENTS\VISUAL STUDIO 2012\PROJECTS\DHCPAPICPP\DHCPAPICPP\X64\DEBUG\DHCPAPICPP.OBJ
C:\USERS\OLIVER\DOCUMENTS\VISUAL STUDIO 2012\PROJECTS\DHCPAPICPP\X64\DEBUG\DHCPAPICPP.ILK
C:\USERS\OLIVER\DOCUMENTS\VISUAL STUDIO 2012\PROJECTS\DHCPAPICPP\X64\DEBUG\DHCPAPICPP.EXE
C:\USERS\OLIVER\DOCUMENTS\VISUAL STUDIO 2012\PROJECTS\DHCPAPICPP\X64\DEBUG\DHCPAPICPP.PDB
c:\Users\Oliver\documents\visual studio 2012\Projects\DhcpApiCpp\DhcpApiCpp\x64\Debug\DhcpApiCpp.obj
c:\Users\Oliver\documents\visual studio 2012\Projects\DhcpApiCpp\DhcpApiCpp\x64\Debug\stdafx.obj
c:\Users\Oliver\documents\visual studio 2012\Projects\DhcpApiCpp\DhcpApiCpp\x64\Debug\cl.command.1.tlog
c:\Users\Oliver\documents\visual studio 2012\Projects\DhcpApiCpp\DhcpApiCpp\x64\Debug\CL.read.1.tlog
c:\Users\Oliver\documents\visual studio 2012\Projects\DhcpApiCpp\DhcpApiCpp\x64\Debug\CL.write.1.tlog
c:\Users\Oliver\documents\visual studio 2012\Projects\DhcpApiCpp\DhcpApiCpp\x64\Debug\link-cvtres.read.1.tlog
c:\Users\Oliver\documents\visual studio 2012\Projects\DhcpApiCpp\DhcpApiCpp\x64\Debug\link-cvtres.write.1.tlog
c:\Users\Oliver\documents\visual studio 2012\Projects\DhcpApiCpp\DhcpApiCpp\x64\Debug\link-rc.read.1.tlog
c:\Users\Oliver\documents\visual studio 2012\Projects\DhcpApiCpp\DhcpApiCpp\x64\Debug\link-rc.write.1.tlog
c:\Users\Oliver\documents\visual studio 2012\Projects\DhcpApiCpp\DhcpApiCpp\x64\Debug\link.command.1.tlog
c:\Users\Oliver\documents\visual studio 2012\Projects\DhcpApiCpp\DhcpApiCpp\x64\Debug\link.read.1.tlog
c:\Users\Oliver\documents\visual studio 2012\Projects\DhcpApiCpp\DhcpApiCpp\x64\Debug\link.write.1.tlog
c:\Users\Oliver\documents\visual studio 2012\Projects\DhcpApiCpp\DhcpApiCpp\x64\Debug\DhcpApiCpp.pch
c:\Users\Oliver\documents\visual studio 2012\Projects\DhcpApiCpp\DhcpApiCpp\x64\Debug\vc110.idb
c:\Users\Oliver\documents\visual studio 2012\Projects\DhcpApiCpp\DhcpApiCpp\x64\Debug\vc110.pdb
c:\users\oliver\documents\visual studio 2012\Projects\DhcpApiCpp\x64\Debug\DhcpApiCpp.pdb
c:\users\oliver\documents\visual studio 2012\Projects\DhcpApiCpp\x64\Debug\DhcpApiCpp.exe
c:\users\oliver\documents\visual studio 2012\Projects\DhcpApiCpp\x64\Debug\DhcpApiCpp.ilk
