C:\USERS\OLIVER\DOCUMENTS\VISUAL STUDIO 2012\PROJECTS\DHCPAPICPP\DHCPAPICPP\DEBUG\DHCPAPICPP.PCH
C:\USERS\OLIVER\DOCUMENTS\VISUAL STUDIO 2012\PROJECTS\DHCPAPICPP\DHCPAPICPP\DEBUG\STDAFX.OBJ
C:\USERS\OLIVER\DOCUMENTS\VISUAL STUDIO 2012\PROJECTS\DHCPAPICPP\DHCPAPICPP\DEBUG\VC110.PDB
C:\USERS\OLIVER\DOCUMENTS\VISUAL STUDIO 2012\PROJECTS\DHCPAPICPP\DHCPAPICPP\DEBUG\DHCPAPICPP.OBJ
C:\USERS\OLIVER\DOCUMENTS\VISUAL STUDIO 2012\PROJECTS\DHCPAPICPP\DEBUG\DHCPAPICPP.ILK
C:\USERS\OLIVER\DOCUMENTS\VISUAL STUDIO 2012\PROJECTS\DHCPAPICPP\DEBUG\DHCPAPICPP.EXE
C:\USERS\OLIVER\DOCUMENTS\VISUAL STUDIO 2012\PROJECTS\DHCPAPICPP\DEBUG\DHCPAPICPP.PDB
c:\Users\Oliver\documents\visual studio 2012\Projects\DhcpApiCpp\DhcpApiCpp\Debug\DhcpApiCpp.obj
c:\Users\Oliver\documents\visual studio 2012\Projects\DhcpApiCpp\DhcpApiCpp\Debug\stdafx.obj
c:\Users\Oliver\documents\visual studio 2012\Projects\DhcpApiCpp\DhcpApiCpp\Debug\cl.command.1.tlog
c:\Users\Oliver\documents\visual studio 2012\Projects\DhcpApiCpp\DhcpApiCpp\Debug\CL.read.1.tlog
c:\Users\Oliver\documents\visual studio 2012\Projects\DhcpApiCpp\DhcpApiCpp\Debug\CL.write.1.tlog
c:\Users\Oliver\documents\visual studio 2012\Projects\DhcpApiCpp\DhcpApiCpp\Debug\link-cvtres.read.1.tlog
c:\Users\Oliver\documents\visual studio 2012\Projects\DhcpApiCpp\DhcpApiCpp\Debug\link-cvtres.write.1.tlog
c:\Users\Oliver\documents\visual studio 2012\Projects\DhcpApiCpp\DhcpApiCpp\Debug\link-rc.read.1.tlog
c:\Users\Oliver\documents\visual studio 2012\Projects\DhcpApiCpp\DhcpApiCpp\Debug\link-rc.write.1.tlog
c:\Users\Oliver\documents\visual studio 2012\Projects\DhcpApiCpp\DhcpApiCpp\Debug\link.10024-cvtres.read.1.tlog
c:\Users\Oliver\documents\visual studio 2012\Projects\DhcpApiCpp\DhcpApiCpp\Debug\link.10024-cvtres.write.1.tlog
c:\Users\Oliver\documents\visual studio 2012\Projects\DhcpApiCpp\DhcpApiCpp\Debug\link.10024-rc.read.1.tlog
c:\Users\Oliver\documents\visual studio 2012\Projects\DhcpApiCpp\DhcpApiCpp\Debug\link.10024-rc.write.1.tlog
c:\Users\Oliver\documents\visual studio 2012\Projects\DhcpApiCpp\DhcpApiCpp\Debug\link.10024.read.1.tlog
c:\Users\Oliver\documents\visual studio 2012\Projects\DhcpApiCpp\DhcpApiCpp\Debug\link.10024.write.1.tlog
c:\Users\Oliver\documents\visual studio 2012\Projects\DhcpApiCpp\DhcpApiCpp\Debug\link.10832-cvtres.read.1.tlog
c:\Users\Oliver\documents\visual studio 2012\Projects\DhcpApiCpp\DhcpApiCpp\Debug\link.10832-cvtres.write.1.tlog
c:\Users\Oliver\documents\visual studio 2012\Projects\DhcpApiCpp\DhcpApiCpp\Debug\link.10832-rc.read.1.tlog
c:\Users\Oliver\documents\visual studio 2012\Projects\DhcpApiCpp\DhcpApiCpp\Debug\link.10832-rc.write.1.tlog
c:\Users\Oliver\documents\visual studio 2012\Projects\DhcpApiCpp\DhcpApiCpp\Debug\link.10832.read.1.tlog
c:\Users\Oliver\documents\visual studio 2012\Projects\DhcpApiCpp\DhcpApiCpp\Debug\link.10832.write.1.tlog
c:\Users\Oliver\documents\visual studio 2012\Projects\DhcpApiCpp\DhcpApiCpp\Debug\link.14332-cvtres.read.1.tlog
c:\Users\Oliver\documents\visual studio 2012\Projects\DhcpApiCpp\DhcpApiCpp\Debug\link.14332-cvtres.write.1.tlog
c:\Users\Oliver\documents\visual studio 2012\Projects\DhcpApiCpp\DhcpApiCpp\Debug\link.14332-rc.read.1.tlog
c:\Users\Oliver\documents\visual studio 2012\Projects\DhcpApiCpp\DhcpApiCpp\Debug\link.14332-rc.write.1.tlog
c:\Users\Oliver\documents\visual studio 2012\Projects\DhcpApiCpp\DhcpApiCpp\Debug\link.14332.read.1.tlog
c:\Users\Oliver\documents\visual studio 2012\Projects\DhcpApiCpp\DhcpApiCpp\Debug\link.14332.write.1.tlog
c:\Users\Oliver\documents\visual studio 2012\Projects\DhcpApiCpp\DhcpApiCpp\Debug\link.8396-cvtres.read.1.tlog
c:\Users\Oliver\documents\visual studio 2012\Projects\DhcpApiCpp\DhcpApiCpp\Debug\link.8396-cvtres.write.1.tlog
c:\Users\Oliver\documents\visual studio 2012\Projects\DhcpApiCpp\DhcpApiCpp\Debug\link.8396-rc.read.1.tlog
c:\Users\Oliver\documents\visual studio 2012\Projects\DhcpApiCpp\DhcpApiCpp\Debug\link.8396-rc.write.1.tlog
c:\Users\Oliver\documents\visual studio 2012\Projects\DhcpApiCpp\DhcpApiCpp\Debug\link.8396.read.1.tlog
c:\Users\Oliver\documents\visual studio 2012\Projects\DhcpApiCpp\DhcpApiCpp\Debug\link.8396.write.1.tlog
c:\Users\Oliver\documents\visual studio 2012\Projects\DhcpApiCpp\DhcpApiCpp\Debug\link.9928-cvtres.read.1.tlog
c:\Users\Oliver\documents\visual studio 2012\Projects\DhcpApiCpp\DhcpApiCpp\Debug\link.9928-cvtres.write.1.tlog
c:\Users\Oliver\documents\visual studio 2012\Projects\DhcpApiCpp\DhcpApiCpp\Debug\link.9928-rc.read.1.tlog
c:\Users\Oliver\documents\visual studio 2012\Projects\DhcpApiCpp\DhcpApiCpp\Debug\link.9928-rc.write.1.tlog
c:\Users\Oliver\documents\visual studio 2012\Projects\DhcpApiCpp\DhcpApiCpp\Debug\link.9928.read.1.tlog
c:\Users\Oliver\documents\visual studio 2012\Projects\DhcpApiCpp\DhcpApiCpp\Debug\link.9928.write.1.tlog
c:\Users\Oliver\documents\visual studio 2012\Projects\DhcpApiCpp\DhcpApiCpp\Debug\link.command.1.tlog
c:\Users\Oliver\documents\visual studio 2012\Projects\DhcpApiCpp\DhcpApiCpp\Debug\link.read.1.tlog
c:\Users\Oliver\documents\visual studio 2012\Projects\DhcpApiCpp\DhcpApiCpp\Debug\link.write.1.tlog
c:\Users\Oliver\documents\visual studio 2012\Projects\DhcpApiCpp\DhcpApiCpp\Debug\DhcpApiCpp.pch
c:\Users\Oliver\documents\visual studio 2012\Projects\DhcpApiCpp\DhcpApiCpp\Debug\vc110.idb
c:\Users\Oliver\documents\visual studio 2012\Projects\DhcpApiCpp\DhcpApiCpp\Debug\vc110.pdb
c:\users\oliver\documents\visual studio 2012\Projects\DhcpApiCpp\Debug\DhcpApiCpp.pdb
c:\users\oliver\documents\visual studio 2012\Projects\DhcpApiCpp\Debug\DhcpApiCpp.exe
c:\users\oliver\documents\visual studio 2012\Projects\DhcpApiCpp\Debug\DhcpApiCpp.ilk
