c:\users\olive\documents\visual studio 2017\projects\lufthansa.dhcpoption_vc2013\dhcpapicpp\debug\dhcpoption.pch
c:\users\olive\documents\visual studio 2017\projects\lufthansa.dhcpoption_vc2013\dhcpapicpp\debug\vc141.pdb
c:\users\olive\documents\visual studio 2017\projects\lufthansa.dhcpoption_vc2013\dhcpapicpp\debug\vc141.idb
c:\users\olive\documents\visual studio 2017\projects\lufthansa.dhcpoption_vc2013\dhcpapicpp\debug\stdafx.obj
c:\users\olive\documents\visual studio 2017\projects\lufthansa.dhcpoption_vc2013\dhcpapicpp\debug\dhcpoption.obj
c:\users\olive\documents\visual studio 2017\projects\lufthansa.dhcpoption_vc2013\debug\dhcpoption.ilk
c:\users\olive\documents\visual studio 2017\projects\lufthansa.dhcpoption_vc2013\debug\dhcpoption.exe
c:\users\olive\documents\visual studio 2017\projects\lufthansa.dhcpoption_vc2013\debug\dhcpoption.pdb
c:\users\olive\documents\visual studio 2017\projects\dhcpoption_vc2017\dhcpapicpp\debug\dhcpoption.obj
c:\users\olive\documents\visual studio 2017\projects\dhcpoption_vc2017\dhcpapicpp\debug\stdafx.obj
c:\users\olive\documents\visual studio 2017\projects\dhcpoption_vc2017\dhcpapicpp\debug\dhcpoption.pch
c:\users\olive\documents\visual studio 2017\projects\dhcpoption_vc2017\dhcpapicpp\debug\vc141.idb
c:\users\olive\documents\visual studio 2017\projects\dhcpoption_vc2017\dhcpapicpp\debug\vc141.pdb
c:\users\olive\documents\visual studio 2017\projects\dhcpoption_vc2017\debug\dhcpoption.pdb
c:\users\olive\documents\visual studio 2017\projects\dhcpoption_vc2017\debug\dhcpoption.exe
c:\users\olive\documents\visual studio 2017\projects\dhcpoption_vc2017\debug\dhcpoption.ilk
c:\users\olive\documents\visual studio 2017\projects\dhcpoption_vc2017\dhcpapicpp\debug\dhcpoption.tlog\cl.command.1.tlog
c:\users\olive\documents\visual studio 2017\projects\dhcpoption_vc2017\dhcpapicpp\debug\dhcpoption.tlog\cl.read.1.tlog
c:\users\olive\documents\visual studio 2017\projects\dhcpoption_vc2017\dhcpapicpp\debug\dhcpoption.tlog\cl.write.1.tlog
c:\users\olive\documents\visual studio 2017\projects\dhcpoption_vc2017\dhcpapicpp\debug\dhcpoption.tlog\link.command.1.tlog
c:\users\olive\documents\visual studio 2017\projects\dhcpoption_vc2017\dhcpapicpp\debug\dhcpoption.tlog\link.read.1.tlog
c:\users\olive\documents\visual studio 2017\projects\dhcpoption_vc2017\dhcpapicpp\debug\dhcpoption.tlog\link.write.1.tlog
