C:\USERS\OLIVER\DOCUMENTS\VISUAL STUDIO 2012\PROJECTS\DHCPAPICPP\DHCPAPICPP\RELEASE\DHCPAPICPP.PCH
C:\USERS\OLIVER\DOCUMENTS\VISUAL STUDIO 2012\PROJECTS\DHCPAPICPP\DHCPAPICPP\RELEASE\STDAFX.OBJ
C:\USERS\OLIVER\DOCUMENTS\VISUAL STUDIO 2012\PROJECTS\DHCPAPICPP\DHCPAPICPP\RELEASE\VC110.PDB
C:\USERS\OLIVER\DOCUMENTS\VISUAL STUDIO 2012\PROJECTS\DHCPAPICPP\DHCPAPICPP\RELEASE\DHCPAPICPP.OBJ
C:\USERS\OLIVER\DOCUMENTS\VISUAL STUDIO 2012\PROJECTS\DHCPAPICPP\RELEASE\DHCPAPICPP.EXE
C:\USERS\OLIVER\DOCUMENTS\VISUAL STUDIO 2012\PROJECTS\DHCPAPICPP\RELEASE\DHCPAPICPP.PDB
C:\Users\Oliver\Documents\Visual Studio 2012\Projects\DhcpApiCpp\DhcpApiCpp\Release\DhcpApiCpp.obj
C:\Users\Oliver\Documents\Visual Studio 2012\Projects\DhcpApiCpp\DhcpApiCpp\Release\stdafx.obj
C:\Users\Oliver\Documents\Visual Studio 2012\Projects\DhcpApiCpp\DhcpApiCpp\Release\cl.command.1.tlog
C:\Users\Oliver\Documents\Visual Studio 2012\Projects\DhcpApiCpp\DhcpApiCpp\Release\CL.read.1.tlog
C:\Users\Oliver\Documents\Visual Studio 2012\Projects\DhcpApiCpp\DhcpApiCpp\Release\CL.write.1.tlog
C:\Users\Oliver\Documents\Visual Studio 2012\Projects\DhcpApiCpp\DhcpApiCpp\Release\link-cvtres.read.1.tlog
C:\Users\Oliver\Documents\Visual Studio 2012\Projects\DhcpApiCpp\DhcpApiCpp\Release\link-cvtres.write.1.tlog
C:\Users\Oliver\Documents\Visual Studio 2012\Projects\DhcpApiCpp\DhcpApiCpp\Release\link-rc.read.1.tlog
C:\Users\Oliver\Documents\Visual Studio 2012\Projects\DhcpApiCpp\DhcpApiCpp\Release\link-rc.write.1.tlog
C:\Users\Oliver\Documents\Visual Studio 2012\Projects\DhcpApiCpp\DhcpApiCpp\Release\link.command.1.tlog
C:\Users\Oliver\Documents\Visual Studio 2012\Projects\DhcpApiCpp\DhcpApiCpp\Release\link.read.1.tlog
C:\Users\Oliver\Documents\Visual Studio 2012\Projects\DhcpApiCpp\DhcpApiCpp\Release\link.write.1.tlog
C:\Users\Oliver\Documents\Visual Studio 2012\Projects\DhcpApiCpp\DhcpApiCpp\Release\DhcpApiCpp.pch
C:\Users\Oliver\Documents\Visual Studio 2012\Projects\DhcpApiCpp\DhcpApiCpp\Release\vc110.pdb
C:\Users\Oliver\Documents\Visual Studio 2012\Projects\DhcpApiCpp\Release\DhcpApiCpp.pdb
C:\Users\Oliver\Documents\Visual Studio 2012\Projects\DhcpApiCpp\Release\DhcpApiCpp.exe
